<?xml version="1.0" encoding="UTF-8"?>
<testsuites name="DemoTestSuit" time="31" tests="1" failures="0" errors="0">
   <testsuite name="DemoTestSuit" tests="1" failures="0" errors="0" time="31" timestamp="2018-08-27 23:45:59" hostname="139741 - 192.168.1.223" id="Test Suites/DemoTestSuit">
      <properties>
         <property name="deviceName" value=""/>
         <property name="devicePlatform" value=""/>
         <property name="logFolder" value="C:\\Users\\139741\\git\\KatalonDemo\\Reports\\DemoTestSuit\\20180827_234557"/>
         <property name="logFiles" value="C:\\Users\\139741\\git\\KatalonDemo\\Reports\\DemoTestSuit\\20180827_234557\\execution0.log"/>
         <property name="attachments" value=""/>
         <property name="hostName" value="139741 - 192.168.1.223"/>
         <property name="os" value="Windows 7 64bit"/>
         <property name="katalonVersion" value="5.6.1.1"/>
         <property name="browser" value="Chrome 67.0.3396.79"/>
         <property name="hostAddress" value="192.168.1.223"/>
         <property name="sessionId" value="b3148a74646f81a699c94d62310d7301"/>
         <property name="seleniumVersion" value="3.7.1"/>
         <property name="proxyInformation" value="ProxyInformation{proxyOption=NO_PROXY, proxyServerType=HTTP, password=, proxyServerAddress=, proxyServerPort=0}"/>
         <property name="platform" value="Windows 7"/>
      </properties>
      <testcase name="Test Cases/KatalonDemo" classname="Test Cases/KatalonDemo" status="PASSED">
         <system-out><![CDATA[2018-08-27 23:46:00 - [TEST_CASE][PASSED] - Test Cases/KatalonDemo: Test Cases/KatalonDemo

2018-08-27 23:46:00 - [TEST_STEP][PASSED] - openBrowser: Browser is opened with url: ''

2018-08-27 23:46:08 - [MESSAGE][PASSED] - Browser is opened with url: ''

2018-08-27 23:46:08 - [TEST_STEP][PASSED] - navigateToUrl: Navigate to 'https://www.att.com/my/#/login' successfully

2018-08-27 23:46:10 - [MESSAGE][PASSED] - Navigate to 'https://www.att.com/my/#/login' successfully

2018-08-27 23:46:10 - [TEST_STEP][PASSED] - waitForPageLoad: Wait for page load successfully

2018-08-27 23:46:11 - [MESSAGE][PASSED] - Wait for page load successfully

2018-08-27 23:46:11 - [TEST_STEP][PASSED] - waitForElementVisible: Object 'Object Repository/Page_myATT Login - Pay Bills Online/h1_Sign in to manage your acco' is visible

2018-08-27 23:46:14 - [MESSAGE][PASSED] - Object 'Object Repository/Page_myATT Login - Pay Bills Online/h1_Sign in to manage your acco' is visible

2018-08-27 23:46:14 - [TEST_STEP][PASSED] - setText: Text 'budapudi@att.net' is set on object 'Object Repository/Page_myATT Login - Pay Bills Online/input_userName'

2018-08-27 23:46:15 - [MESSAGE][PASSED] - Text 'budapudi@att.net' is set on object 'Object Repository/Page_myATT Login - Pay Bills Online/input_userName'

2018-08-27 23:46:15 - [TEST_STEP][PASSED] - setEncryptedText: Text ****** has been set on object 'Object Repository/Page_myATT Login - Pay Bills Online/input_password'

2018-08-27 23:46:15 - [MESSAGE][PASSED] - Text ****** has been set on object 'Object Repository/Page_myATT Login - Pay Bills Online/input_password'

2018-08-27 23:46:15 - [TEST_STEP][PASSED] - click: Object: 'Object Repository/Page_myATT Login - Pay Bills Online/span_Sign in' is clicked on

2018-08-27 23:46:15 - [MESSAGE][PASSED] - Object: 'Object Repository/Page_myATT Login - Pay Bills Online/span_Sign in' is clicked on

2018-08-27 23:46:15 - [TEST_STEP][PASSED] - waitForElementVisible: Object 'Object Repository/Page_Overview Landing Page/span_bheemaraj' is visible

2018-08-27 23:46:20 - [MESSAGE][PASSED] - Object 'Object Repository/Page_Overview Landing Page/span_bheemaraj' is visible

2018-08-27 23:46:20 - [TEST_STEP][PASSED] - verifyElementPresent: Object 'Object Repository/Page_Overview Landing Page/h1_Welcome Bheemaraj' is present

2018-08-27 23:46:21 - [MESSAGE][PASSED] - Object 'Object Repository/Page_Overview Landing Page/h1_Welcome Bheemaraj' is present

2018-08-27 23:46:21 - [TEST_STEP][PASSED] - click: Object: 'Object Repository/Page_Overview Landing Page/span_bheemaraj' is clicked on

2018-08-27 23:46:21 - [MESSAGE][PASSED] - Object: 'Object Repository/Page_Overview Landing Page/span_bheemaraj' is clicked on

2018-08-27 23:46:21 - [TEST_STEP][PASSED] - click: Object: 'Object Repository/Page_Overview Landing Page/a_Sign out' is clicked on

2018-08-27 23:46:27 - [MESSAGE][PASSED] - Object: 'Object Repository/Page_Overview Landing Page/a_Sign out' is clicked on

2018-08-27 23:46:27 - [TEST_STEP][PASSED] - waitForElementVisible: Object 'Object Repository/Page_myATT Login - Pay Bills Online/h1_Sign in to manage your acco' is visible

2018-08-27 23:46:29 - [MESSAGE][PASSED] - Object 'Object Repository/Page_myATT Login - Pay Bills Online/h1_Sign in to manage your acco' is visible

2018-08-27 23:46:29 - [TEST_STEP][PASSED] - verifyElementPresent: Object 'Object Repository/Page_myATT Login - Pay Bills Online/h1_Sign in to manage your acco' is present

2018-08-27 23:46:29 - [MESSAGE][PASSED] - Object 'Object Repository/Page_myATT Login - Pay Bills Online/h1_Sign in to manage your acco' is present

2018-08-27 23:46:29 - [TEST_STEP][PASSED] - closeBrowser: Browser is closed

2018-08-27 23:46:31 - [MESSAGE][PASSED] - Browser is closed]]></system-out>
         <system-err><![CDATA[]]></system-err>
      </testcase>
      <system-out><![CDATA[2018-08-27 23:45:59 - [TEST_SUITE][PASSED] - DemoTestSuit: Test Cases/KatalonDemo]]></system-out>
      <system-err><![CDATA[]]></system-err>
   </testsuite>
</testsuites>
